# JRE version: Java(TM) SE Runtime Environment (8.0_221-b11) (build 1.8.0_221-b11)
# Java VM: Java HotSpot(TM) 64-Bit Server VM (25.221-b11 mixed mode bsd-amd64 compressed oops)
Heap:
 PSYoungGen      total 194048K, used 149695K [0x0000000795580000, 0x00000007a5880000, 0x00000007c0000000)
  eden space 187392K, 76% used [0x0000000795580000,0x000000079e1a7f38,0x00000007a0c80000)
  from space 6656K, 92% used [0x00000007a3e00000,0x00000007a4408000,0x00000007a4480000)
  to   space 16384K, 0% used [0x00000007a4880000,0x00000007a4880000,0x00000007a5880000)
 ParOldGen       total 131584K, used 41504K [0x0000000740000000, 0x0000000748080000, 0x0000000795580000)
  object space 131584K, 31% used [0x0000000740000000,0x0000000742888268,0x0000000748080000)
 Metaspace       used 62681K, capacity 66882K, committed 67072K, reserved 1107968K
  class space    used 8474K, capacity 9186K, committed 9216K, reserved 1048576K
GC Heap History (10 events):
Event: 2373.466 GC heap before
{Heap before GC invocations=28 (full 3):
 PSYoungGen      total 229376K, used 229152K [0x0000000795580000, 0x00000007a8100000, 0x00000007c0000000)
  eden space 221696K, 100% used [0x0000000795580000,0x00000007a2e00000,0x00000007a2e00000)
  from space 7680K, 97% used [0x00000007a7980000,0x00000007a80c8010,0x00000007a8100000)
  to   space 18432K, 0% used [0x00000007a5d00000,0x00000007a5d00000,0x00000007a6f00000)
 ParOldGen       total 131584K, used 40804K [0x0000000740000000, 0x0000000748080000, 0x0000000795580000)
  object space 131584K, 31% used [0x0000000740000000,0x00000007427d9208,0x0000000748080000)
 Metaspace       used 62493K, capacity 66538K, committed 66816K, reserved 1107968K
  class space    used 8445K, capacity 9150K, committed 9216K, reserved 1048576K
Event: 2373.483 GC heap after
Heap after GC invocations=28 (full 3):
 PSYoungGen      total 221696K, used 7264K [0x0000000795580000, 0x00000007a7a00000, 0x00000007c0000000)
  eden space 214016K, 0% used [0x0000000795580000,0x0000000795580000,0x00000007a2680000)
  from space 7680K, 94% used [0x00000007a5d00000,0x00000007a6418010,0x00000007a6480000)
  to   space 17920K, 0% used [0x00000007a6880000,0x00000007a6880000,0x00000007a7a00000)
 ParOldGen       total 131584K, used 40804K [0x0000000740000000, 0x0000000748080000, 0x0000000795580000)
  object space 131584K, 31% used [0x0000000740000000,0x00000007427d9208,0x0000000748080000)
 Metaspace       used 62493K, capacity 66538K, committed 66816K, reserved 1107968K
  class space    used 8445K, capacity 9150K, committed 9216K, reserved 1048576K
}
Event: 2523.380 GC heap before
{Heap before GC invocations=29 (full 3):
 PSYoungGen      total 221696K, used 221280K [0x0000000795580000, 0x00000007a7a00000, 0x00000007c0000000)
  eden space 214016K, 100% used [0x0000000795580000,0x00000007a2680000,0x00000007a2680000)
  from space 7680K, 94% used [0x00000007a5d00000,0x00000007a6418010,0x00000007a6480000)
  to   space 17920K, 0% used [0x00000007a6880000,0x00000007a6880000,0x00000007a7a00000)
 ParOldGen       total 131584K, used 40804K [0x0000000740000000, 0x0000000748080000, 0x0000000795580000)
  object space 131584K, 31% used [0x0000000740000000,0x00000007427d9208,0x0000000748080000)
 Metaspace       used 62493K, capacity 66538K, committed 66816K, reserved 1107968K
  class space    used 8445K, capacity 9150K, committed 9216K, reserved 1048576K
Event: 2523.395 GC heap after
Heap after GC invocations=29 (full 3):
 PSYoungGen      total 214528K, used 7232K [0x0000000795580000, 0x00000007a7000000, 0x00000007c0000000)
  eden space 206848K, 0% used [0x0000000795580000,0x0000000795580000,0x00000007a1f80000)
  from space 7680K, 94% used [0x00000007a6880000,0x00000007a6f90010,0x00000007a7000000)
  to   space 17408K, 0% used [0x00000007a4e00000,0x00000007a4e00000,0x00000007a5f00000)
 ParOldGen       total 131584K, used 40812K [0x0000000740000000, 0x0000000748080000, 0x0000000795580000)
  object space 131584K, 31% used [0x0000000740000000,0x00000007427db208,0x0000000748080000)
 Metaspace       used 62493K, capacity 66538K, committed 66816K, reserved 1107968K
  class space    used 8445K, capacity 9150K, committed 9216K, reserved 1048576K
}
Event: 2666.329 GC heap before
{Heap before GC invocations=30 (full 3):
 PSYoungGen      total 214528K, used 214080K [0x0000000795580000, 0x00000007a7000000, 0x00000007c0000000)
  eden space 206848K, 100% used [0x0000000795580000,0x00000007a1f80000,0x00000007a1f80000)
  from space 7680K, 94% used [0x00000007a6880000,0x00000007a6f90010,0x00000007a7000000)
  to   space 17408K, 0% used [0x00000007a4e00000,0x00000007a4e00000,0x00000007a5f00000)
 ParOldGen       total 131584K, used 40812K [0x0000000740000000, 0x0000000748080000, 0x0000000795580000)
  object space 131584K, 31% used [0x0000000740000000,0x00000007427db208,0x0000000748080000)
 Metaspace       used 62551K, capacity 66606K, committed 66816K, reserved 1107968K
  class space    used 8445K, capacity 9150K, committed 9216K, reserved 1048576K
Event: 2666.341 GC heap after
Heap after GC invocations=30 (full 3):
 PSYoungGen      total 207360K, used 7008K [0x0000000795580000, 0x00000007a6900000, 0x00000007c0000000)
  eden space 200192K, 0% used [0x0000000795580000,0x0000000795580000,0x00000007a1900000)
  from space 7168K, 97% used [0x00000007a4e00000,0x00000007a54d8010,0x00000007a5500000)
  to   space 17408K, 0% used [0x00000007a5800000,0x00000007a5800000,0x00000007a6900000)
 ParOldGen       total 131584K, used 40820K [0x0000000740000000, 0x0000000748080000, 0x0000000795580000)
  object space 131584K, 31% used [0x0000000740000000,0x00000007427dd208,0x0000000748080000)
 Metaspace       used 62551K, capacity 66606K, committed 66816K, reserved 1107968K
  class space    used 8445K, capacity 9150K, committed 9216K, reserved 1048576K
}
Event: 2803.373 GC heap before
{Heap before GC invocations=31 (full 3):
 PSYoungGen      total 207360K, used 207200K [0x0000000795580000, 0x00000007a6900000, 0x00000007c0000000)
  eden space 200192K, 100% used [0x0000000795580000,0x00000007a1900000,0x00000007a1900000)
  from space 7168K, 97% used [0x00000007a4e00000,0x00000007a54d8010,0x00000007a5500000)
  to   space 17408K, 0% used [0x00000007a5800000,0x00000007a5800000,0x00000007a6900000)
 ParOldGen       total 131584K, used 40820K [0x0000000740000000, 0x0000000748080000, 0x0000000795580000)
  object space 131584K, 31% used [0x0000000740000000,0x00000007427dd208,0x0000000748080000)
 Metaspace       used 62551K, capacity 66606K, committed 66816K, reserved 1107968K
  class space    used 8445K, capacity 9150K, committed 9216K, reserved 1048576K
Event: 2803.390 GC heap after
Heap after GC invocations=31 (full 3):
 PSYoungGen      total 200704K, used 6976K [0x0000000795580000, 0x00000007a5f00000, 0x00000007c0000000)
  eden space 193536K, 0% used [0x0000000795580000,0x0000000795580000,0x00000007a1280000)
  from space 7168K, 97% used [0x00000007a5800000,0x00000007a5ed0010,0x00000007a5f00000)
  to   space 16896K, 0% used [0x00000007a3e00000,0x00000007a3e00000,0x00000007a4e80000)
 ParOldGen       total 131584K, used 40828K [0x0000000740000000, 0x0000000748080000, 0x0000000795580000)
  object space 131584K, 31% used [0x0000000740000000,0x00000007427df208,0x0000000748080000)
 Metaspace       used 62551K, capacity 66606K, committed 66816K, reserved 1107968K
  class space    used 8445K, capacity 9150K, committed 9216K, reserved 1048576K
}
Event: 2936.359 GC heap before
{Heap before GC invocations=32 (full 3):
 PSYoungGen      total 200704K, used 200512K [0x0000000795580000, 0x00000007a5f00000, 0x00000007c0000000)
  eden space 193536K, 100% used [0x0000000795580000,0x00000007a1280000,0x00000007a1280000)
  from space 7168K, 97% used [0x00000007a5800000,0x00000007a5ed0010,0x00000007a5f00000)
  to   space 16896K, 0% used [0x00000007a3e00000,0x00000007a3e00000,0x00000007a4e80000)
 ParOldGen       total 131584K, used 40828K [0x0000000740000000, 0x0000000748080000, 0x0000000795580000)
  object space 131584K, 31% used [0x0000000740000000,0x00000007427df208,0x0000000748080000)
 Metaspace       used 62551K, capacity 66606K, committed 66816K, reserved 1107968K
  class space    used 8445K, capacity 9150K, committed 9216K, reserved 1048576K
Event: 2936.367 GC heap after
Heap after GC invocations=32 (full 3):
 PSYoungGen      total 194048K, used 6176K [0x0000000795580000, 0x00000007a5880000, 0x00000007c0000000)
  eden space 187392K, 0% used [0x0000000795580000,0x0000000795580000,0x00000007a0c80000)
  from space 6656K, 92% used [0x00000007a3e00000,0x00000007a4408000,0x00000007a4480000)
  to   space 16384K, 0% used [0x00000007a4880000,0x00000007a4880000,0x00000007a5880000)
 ParOldGen       total 131584K, used 41504K [0x0000000740000000, 0x0000000748080000, 0x0000000795580000)
  object space 131584K, 31% used [0x0000000740000000,0x0000000742888268,0x0000000748080000)
 Metaspace       used 62551K, capacity 66606K, committed 66816K, reserved 1107968K
  class space    used 8445K, capacity 9150K, committed 9216K, reserved 1048576K
}

